[2025-08-01T15:46:47.898Z] [INFO] QR Code generated - ready for authentication
[2025-08-01T15:51:49.605Z] [INFO] WhatsApp client authenticated successfully!
[2025-08-01T15:51:49.707Z] [INFO] New authentication tokens generated
[2025-08-01T15:51:49.730Z] [INFO] Tokens saved successfully
[2025-08-01T15:53:03.871Z] [INFO] Received SIGTERM - shutting down...
[2025-08-01T15:54:22.703Z] [INFO] Valid tokens loaded from storage
[2025-08-01T15:54:22.869Z] [INFO] WhatsApp Backend (Fixed Version) running on http://localhost:3333
[2025-08-01T15:54:22.870Z] [INFO] Features: Fixed sync errors + Better error handling + Token management
[2025-08-01T15:54:22.870Z] [INFO] Connect URL: http://localhost:3333/connect
[2025-08-01T15:54:22.872Z] [INFO] Initializing WhatsApp client with improved error handling...
[2025-08-01T15:57:00.315Z] [INFO] QR Code generated - ready for authentication
[2025-08-01T15:57:58.410Z] [INFO] QR Code generated - ready for authentication
[2025-08-01T15:58:18.416Z] [INFO] QR Code generated - ready for authentication
[2025-08-01T15:58:38.418Z] [INFO] QR Code generated - ready for authentication
[2025-08-01T15:58:58.423Z] [INFO] QR Code generated - ready for authentication
[2025-08-01T15:59:18.430Z] [INFO] QR Code generated - ready for authentication
[2025-08-01T16:00:32.149Z] [INFO] QR Code generated - ready for authentication
[2025-08-01T16:01:32.159Z] [INFO] QR Code generated - ready for authentication
[2025-08-01T16:01:52.163Z] [INFO] QR Code generated - ready for authentication
[2025-08-01T16:02:12.166Z] [INFO] QR Code generated - ready for authentication
[2025-08-01T16:02:32.167Z] [INFO] QR Code generated - ready for authentication
[2025-08-01T16:02:52.173Z] [INFO] QR Code generated - ready for authentication
[2025-08-01T16:04:05.010Z] [INFO] QR Code generated - ready for authentication
[2025-08-01T16:05:05.016Z] [INFO] QR Code generated - ready for authentication
[2025-08-01T16:05:25.018Z] [INFO] QR Code generated - ready for authentication
[2025-08-01T16:05:45.019Z] [INFO] QR Code generated - ready for authentication
[2025-08-01T16:06:05.021Z] [INFO] QR Code generated - ready for authentication
[2025-08-01T16:06:25.023Z] [INFO] QR Code generated - ready for authentication
[2025-08-01T16:07:37.381Z] [INFO] QR Code generated - ready for authentication
[2025-08-01T16:08:37.384Z] [INFO] QR Code generated - ready for authentication
[2025-08-01T16:08:57.386Z] [INFO] QR Code generated - ready for authentication
[2025-08-01T16:09:17.388Z] [INFO] QR Code generated - ready for authentication
[2025-08-01T16:09:37.389Z] [INFO] QR Code generated - ready for authentication
[2025-08-01T16:09:51.778Z] [INFO] Received SIGTERM - shutting down...
[2025-08-01T16:10:29.298Z] [INFO] Valid tokens loaded from storage
[2025-08-01T16:10:29.384Z] [INFO] WhatsApp Backend (Fixed Version) running on http://localhost:3333
[2025-08-01T16:10:29.385Z] [INFO] Features: Fixed sync errors + Better error handling + Token management
[2025-08-01T16:10:29.386Z] [INFO] Connect URL: http://localhost:3333/connect
[2025-08-01T16:10:29.389Z] [INFO] Initializing WhatsApp client with improved error handling...
[2025-08-01T16:13:28.242Z] [INFO] QR Code generated - ready for authentication
[2025-08-01T16:14:25.934Z] [INFO] QR Code generated - ready for authentication
[2025-08-01T16:14:45.940Z] [INFO] QR Code generated - ready for authentication
[2025-08-01T16:15:05.943Z] [INFO] QR Code generated - ready for authentication
[2025-08-01T16:15:25.948Z] [INFO] QR Code generated - ready for authentication
[2025-08-01T16:15:45.952Z] [INFO] QR Code generated - ready for authentication
[2025-08-01T16:16:20.483Z] [INFO] Received SIGTERM - shutting down...
[2025-08-01T16:18:17.122Z] [INFO] Valid tokens loaded from storage
[2025-08-01T16:18:17.301Z] [INFO] WhatsApp Backend (Fixed Version) running on http://localhost:3333
[2025-08-01T16:18:17.302Z] [INFO] Features: Fixed sync errors + Better error handling + Token management
[2025-08-01T16:18:17.303Z] [INFO] Connect URL: http://localhost:3333/connect
[2025-08-01T16:18:17.306Z] [INFO] Initializing WhatsApp client with improved error handling...
[2025-08-01T16:20:32.652Z] [INFO] QR Code generated - ready for authentication
[2025-08-01T16:21:29.067Z] [INFO] QR Code generated - ready for authentication
[2025-08-01T16:21:49.073Z] [INFO] QR Code generated - ready for authentication
[2025-08-01T16:22:09.077Z] [INFO] QR Code generated - ready for authentication
[2025-08-01T16:22:29.416Z] [INFO] QR Code generated - ready for authentication
[2025-08-01T16:22:49.393Z] [INFO] QR Code generated - ready for authentication
[2025-08-01T16:24:06.861Z] [INFO] QR Code generated - ready for authentication
[2025-08-01T16:25:06.867Z] [INFO] QR Code generated - ready for authentication
[2025-08-01T16:25:26.875Z] [INFO] QR Code generated - ready for authentication
[2025-08-01T16:25:46.892Z] [INFO] QR Code generated - ready for authentication
[2025-08-01T16:26:06.894Z] [INFO] QR Code generated - ready for authentication
[2025-08-01T16:26:26.896Z] [INFO] QR Code generated - ready for authentication
[2025-08-01T16:27:47.121Z] [INFO] QR Code generated - ready for authentication
[2025-08-01T16:28:47.156Z] [INFO] QR Code generated - ready for authentication
[2025-08-01T16:29:07.160Z] [INFO] QR Code generated - ready for authentication
[2025-08-01T16:29:27.162Z] [INFO] QR Code generated - ready for authentication
[2025-08-01T16:29:47.164Z] [INFO] QR Code generated - ready for authentication
[2025-08-01T16:30:07.165Z] [INFO] QR Code generated - ready for authentication
[2025-08-01T16:31:26.878Z] [INFO] QR Code generated - ready for authentication
[2025-08-01T16:32:26.695Z] [INFO] QR Code generated - ready for authentication
[2025-08-01T16:32:46.696Z] [INFO] QR Code generated - ready for authentication
[2025-08-01T16:33:06.697Z] [INFO] QR Code generated - ready for authentication
[2025-08-01T16:33:26.699Z] [INFO] QR Code generated - ready for authentication
[2025-08-01T16:33:46.701Z] [INFO] QR Code generated - ready for authentication
[2025-08-01T16:35:01.209Z] [INFO] QR Code generated - ready for authentication
[2025-08-01T16:36:01.219Z] [INFO] QR Code generated - ready for authentication
[2025-08-01T16:36:21.221Z] [INFO] QR Code generated - ready for authentication
[2025-08-01T16:36:41.225Z] [INFO] QR Code generated - ready for authentication
[2025-08-01T16:37:01.225Z] [INFO] QR Code generated - ready for authentication
[2025-08-01T16:37:21.227Z] [INFO] QR Code generated - ready for authentication
[2025-08-01T16:38:36.262Z] [INFO] QR Code generated - ready for authentication
[2025-08-01T16:39:36.292Z] [INFO] QR Code generated - ready for authentication
[2025-08-01T16:39:56.295Z] [INFO] QR Code generated - ready for authentication
[2025-08-01T16:40:16.354Z] [INFO] QR Code generated - ready for authentication
[2025-08-01T16:40:36.364Z] [INFO] QR Code generated - ready for authentication
[2025-08-01T16:40:56.358Z] [INFO] QR Code generated - ready for authentication
[2025-08-01T16:42:11.916Z] [INFO] QR Code generated - ready for authentication
[2025-08-01T16:43:11.862Z] [INFO] QR Code generated - ready for authentication
[2025-08-01T16:43:31.864Z] [INFO] QR Code generated - ready for authentication
[2025-08-01T16:43:51.866Z] [INFO] QR Code generated - ready for authentication
[2025-08-01T16:44:11.868Z] [INFO] QR Code generated - ready for authentication
[2025-08-01T16:44:31.874Z] [INFO] QR Code generated - ready for authentication
[2025-08-01T16:45:45.966Z] [INFO] QR Code generated - ready for authentication
[2025-08-01T16:46:45.956Z] [INFO] QR Code generated - ready for authentication
[2025-08-01T16:47:05.958Z] [INFO] QR Code generated - ready for authentication
[2025-08-01T16:47:25.959Z] [INFO] QR Code generated - ready for authentication
[2025-08-01T16:47:45.960Z] [INFO] QR Code generated - ready for authentication
[2025-08-01T16:48:05.962Z] [INFO] QR Code generated - ready for authentication
[2025-08-01T16:49:20.492Z] [INFO] QR Code generated - ready for authentication
[2025-08-01T16:50:20.497Z] [INFO] QR Code generated - ready for authentication
[2025-08-01T16:50:40.499Z] [INFO] QR Code generated - ready for authentication
[2025-08-01T16:51:00.505Z] [INFO] QR Code generated - ready for authentication
[2025-08-01T16:51:20.507Z] [INFO] QR Code generated - ready for authentication
[2025-08-01T16:51:40.508Z] [INFO] QR Code generated - ready for authentication
[2025-08-01T16:52:54.903Z] [INFO] QR Code generated - ready for authentication
[2025-08-01T16:53:54.918Z] [INFO] QR Code generated - ready for authentication
[2025-08-01T16:54:14.915Z] [INFO] QR Code generated - ready for authentication
[2025-08-01T16:54:34.917Z] [INFO] QR Code generated - ready for authentication
[2025-08-01T16:54:54.919Z] [INFO] QR Code generated - ready for authentication
[2025-08-01T16:55:14.921Z] [INFO] QR Code generated - ready for authentication
[2025-08-01T16:56:27.467Z] [INFO] QR Code generated - ready for authentication
[2025-08-01T16:57:27.471Z] [INFO] QR Code generated - ready for authentication
[2025-08-01T16:57:47.473Z] [INFO] QR Code generated - ready for authentication
[2025-08-01T16:58:07.475Z] [INFO] QR Code generated - ready for authentication
[2025-08-01T16:58:27.477Z] [INFO] QR Code generated - ready for authentication
[2025-08-01T16:58:47.479Z] [INFO] QR Code generated - ready for authentication
[2025-08-01T16:59:59.503Z] [INFO] QR Code generated - ready for authentication
[2025-08-01T17:00:59.513Z] [INFO] QR Code generated - ready for authentication
[2025-08-01T17:01:19.513Z] [INFO] QR Code generated - ready for authentication
[2025-08-01T17:01:39.518Z] [INFO] QR Code generated - ready for authentication
[2025-08-01T17:01:59.520Z] [INFO] QR Code generated - ready for authentication
[2025-08-01T17:02:19.521Z] [INFO] QR Code generated - ready for authentication
[2025-08-01T17:03:31.569Z] [INFO] QR Code generated - ready for authentication
[2025-08-01T17:04:31.572Z] [INFO] QR Code generated - ready for authentication
[2025-08-01T17:04:51.574Z] [INFO] QR Code generated - ready for authentication
[2025-08-01T17:05:11.580Z] [INFO] QR Code generated - ready for authentication
[2025-08-01T17:05:31.593Z] [INFO] QR Code generated - ready for authentication
[2025-08-01T17:05:51.583Z] [INFO] QR Code generated - ready for authentication
[2025-08-01T17:07:04.032Z] [INFO] QR Code generated - ready for authentication
[2025-08-01T17:08:04.037Z] [INFO] QR Code generated - ready for authentication
[2025-08-01T17:08:24.039Z] [INFO] QR Code generated - ready for authentication
[2025-08-01T17:08:44.040Z] [INFO] QR Code generated - ready for authentication
[2025-08-01T17:09:04.042Z] [INFO] QR Code generated - ready for authentication
[2025-08-01T17:09:24.047Z] [INFO] QR Code generated - ready for authentication
[2025-08-01T17:10:36.004Z] [INFO] QR Code generated - ready for authentication
[2025-08-01T17:11:36.016Z] [INFO] QR Code generated - ready for authentication
[2025-08-01T17:11:56.019Z] [INFO] QR Code generated - ready for authentication
[2025-08-01T17:12:16.023Z] [INFO] QR Code generated - ready for authentication
[2025-08-01T17:12:36.029Z] [INFO] QR Code generated - ready for authentication
[2025-08-01T17:12:56.031Z] [INFO] QR Code generated - ready for authentication
[2025-08-01T17:14:07.478Z] [INFO] QR Code generated - ready for authentication
[2025-08-01T17:15:07.483Z] [INFO] QR Code generated - ready for authentication
[2025-08-01T17:15:27.488Z] [INFO] QR Code generated - ready for authentication
[2025-08-01T17:15:47.491Z] [INFO] QR Code generated - ready for authentication
[2025-08-01T17:16:07.491Z] [INFO] QR Code generated - ready for authentication
[2025-08-01T17:16:27.493Z] [INFO] QR Code generated - ready for authentication
[2025-08-01T17:17:39.826Z] [INFO] QR Code generated - ready for authentication
[2025-08-01T17:18:39.831Z] [INFO] QR Code generated - ready for authentication
[2025-08-01T17:18:59.832Z] [INFO] QR Code generated - ready for authentication
[2025-08-01T17:19:19.834Z] [INFO] QR Code generated - ready for authentication
[2025-08-01T17:19:39.835Z] [INFO] QR Code generated - ready for authentication
[2025-08-01T17:19:59.836Z] [INFO] QR Code generated - ready for authentication
[2025-08-01T17:21:12.798Z] [INFO] QR Code generated - ready for authentication
[2025-08-01T17:22:12.802Z] [INFO] QR Code generated - ready for authentication
[2025-08-01T17:22:32.804Z] [INFO] QR Code generated - ready for authentication
[2025-08-01T17:22:52.809Z] [INFO] QR Code generated - ready for authentication
[2025-08-01T17:23:12.820Z] [INFO] QR Code generated - ready for authentication
[2025-08-01T17:23:32.816Z] [INFO] QR Code generated - ready for authentication
[2025-08-01T17:24:45.052Z] [INFO] QR Code generated - ready for authentication
[2025-08-01T17:25:45.059Z] [INFO] QR Code generated - ready for authentication
[2025-08-01T17:26:05.074Z] [INFO] QR Code generated - ready for authentication
[2025-08-01T17:26:25.090Z] [INFO] QR Code generated - ready for authentication
[2025-08-01T17:26:45.163Z] [INFO] QR Code generated - ready for authentication
[2025-08-01T17:27:05.214Z] [INFO] QR Code generated - ready for authentication
[2025-08-01T17:28:21.735Z] [INFO] QR Code generated - ready for authentication
[2025-08-01T17:29:21.723Z] [INFO] QR Code generated - ready for authentication
[2025-08-01T17:29:41.724Z] [INFO] QR Code generated - ready for authentication
[2025-08-01T17:30:01.725Z] [INFO] QR Code generated - ready for authentication
[2025-08-01T17:30:21.727Z] [INFO] QR Code generated - ready for authentication
[2025-08-01T17:30:41.728Z] [INFO] QR Code generated - ready for authentication
[2025-08-01T17:32:00.856Z] [INFO] QR Code generated - ready for authentication
[2025-08-01T17:33:00.843Z] [INFO] QR Code generated - ready for authentication
[2025-08-01T17:33:20.845Z] [INFO] QR Code generated - ready for authentication
[2025-08-01T17:33:40.851Z] [INFO] QR Code generated - ready for authentication
[2025-08-01T17:34:00.856Z] [INFO] QR Code generated - ready for authentication
[2025-08-01T17:34:20.857Z] [INFO] QR Code generated - ready for authentication
[2025-08-01T17:35:35.228Z] [INFO] QR Code generated - ready for authentication
[2025-08-01T17:36:35.237Z] [INFO] QR Code generated - ready for authentication
[2025-08-01T17:36:55.239Z] [INFO] QR Code generated - ready for authentication
[2025-08-01T17:37:15.242Z] [INFO] QR Code generated - ready for authentication
[2025-08-01T17:37:35.247Z] [INFO] QR Code generated - ready for authentication
[2025-08-01T17:37:55.249Z] [INFO] QR Code generated - ready for authentication
[2025-08-01T17:39:09.519Z] [INFO] QR Code generated - ready for authentication
[2025-08-01T17:40:09.486Z] [INFO] QR Code generated - ready for authentication
[2025-08-01T17:40:29.488Z] [INFO] QR Code generated - ready for authentication
[2025-08-01T17:40:49.489Z] [INFO] QR Code generated - ready for authentication
[2025-08-01T17:41:09.492Z] [INFO] QR Code generated - ready for authentication
[2025-08-01T17:41:29.496Z] [INFO] QR Code generated - ready for authentication
[2025-08-01T17:42:43.110Z] [INFO] QR Code generated - ready for authentication
[2025-08-01T17:43:43.114Z] [INFO] QR Code generated - ready for authentication
[2025-08-01T17:44:03.116Z] [INFO] QR Code generated - ready for authentication
[2025-08-01T17:44:23.118Z] [INFO] QR Code generated - ready for authentication
[2025-08-01T17:44:43.120Z] [INFO] QR Code generated - ready for authentication
[2025-08-01T17:45:03.125Z] [INFO] QR Code generated - ready for authentication
[2025-08-01T17:46:15.180Z] [INFO] QR Code generated - ready for authentication
[2025-08-01T17:47:15.191Z] [INFO] QR Code generated - ready for authentication
[2025-08-01T17:47:35.193Z] [INFO] QR Code generated - ready for authentication
[2025-08-01T17:47:55.195Z] [INFO] QR Code generated - ready for authentication
[2025-08-01T17:48:15.196Z] [INFO] QR Code generated - ready for authentication
[2025-08-01T17:48:35.198Z] [INFO] QR Code generated - ready for authentication
[2025-08-01T17:49:47.645Z] [INFO] QR Code generated - ready for authentication
[2025-08-01T17:50:47.648Z] [INFO] QR Code generated - ready for authentication
[2025-08-01T17:51:07.650Z] [INFO] QR Code generated - ready for authentication
[2025-08-01T17:51:27.652Z] [INFO] QR Code generated - ready for authentication
[2025-08-01T17:51:47.657Z] [INFO] QR Code generated - ready for authentication
[2025-08-01T17:52:07.662Z] [INFO] QR Code generated - ready for authentication
[2025-08-01T17:53:20.705Z] [INFO] QR Code generated - ready for authentication
[2025-08-01T17:54:20.709Z] [INFO] QR Code generated - ready for authentication
[2025-08-01T17:54:40.710Z] [INFO] QR Code generated - ready for authentication
[2025-08-01T17:55:00.724Z] [INFO] QR Code generated - ready for authentication
[2025-08-01T17:55:20.714Z] [INFO] QR Code generated - ready for authentication
[2025-08-01T17:55:40.715Z] [INFO] QR Code generated - ready for authentication
[2025-08-01T17:56:53.231Z] [INFO] QR Code generated - ready for authentication
[2025-08-01T17:57:53.234Z] [INFO] QR Code generated - ready for authentication
[2025-08-01T17:58:13.235Z] [INFO] QR Code generated - ready for authentication
[2025-08-01T17:58:33.241Z] [INFO] QR Code generated - ready for authentication
[2025-08-01T17:58:53.242Z] [INFO] QR Code generated - ready for authentication
[2025-08-01T17:59:13.248Z] [INFO] QR Code generated - ready for authentication
[2025-08-01T18:00:25.251Z] [INFO] QR Code generated - ready for authentication
[2025-08-01T18:01:25.259Z] [INFO] QR Code generated - ready for authentication
[2025-08-01T18:01:45.260Z] [INFO] QR Code generated - ready for authentication
[2025-08-01T18:02:05.274Z] [INFO] QR Code generated - ready for authentication
[2025-08-01T18:02:25.263Z] [INFO] QR Code generated - ready for authentication
[2025-08-01T18:02:45.269Z] [INFO] QR Code generated - ready for authentication
[2025-08-01T18:03:57.309Z] [INFO] QR Code generated - ready for authentication
[2025-08-01T18:04:57.314Z] [INFO] QR Code generated - ready for authentication
[2025-08-01T18:05:17.316Z] [INFO] QR Code generated - ready for authentication
[2025-08-01T18:05:37.318Z] [INFO] QR Code generated - ready for authentication
[2025-08-01T18:05:57.323Z] [INFO] QR Code generated - ready for authentication
[2025-08-01T18:06:17.324Z] [INFO] QR Code generated - ready for authentication
[2025-08-01T18:07:29.300Z] [INFO] QR Code generated - ready for authentication
[2025-08-01T18:08:29.309Z] [INFO] QR Code generated - ready for authentication
[2025-08-01T18:08:49.306Z] [INFO] QR Code generated - ready for authentication
[2025-08-01T18:09:09.313Z] [INFO] QR Code generated - ready for authentication
[2025-08-01T18:09:29.314Z] [INFO] QR Code generated - ready for authentication
[2025-08-01T18:09:49.314Z] [INFO] QR Code generated - ready for authentication
[2025-08-01T18:11:03.875Z] [INFO] QR Code generated - ready for authentication
[2025-08-01T18:12:03.920Z] [INFO] QR Code generated - ready for authentication
[2025-08-01T18:12:23.930Z] [INFO] QR Code generated - ready for authentication
[2025-08-01T18:12:43.936Z] [INFO] QR Code generated - ready for authentication
[2025-08-01T18:13:03.936Z] [INFO] QR Code generated - ready for authentication
[2025-08-01T18:13:23.942Z] [INFO] QR Code generated - ready for authentication
[2025-08-01T18:14:44.634Z] [INFO] QR Code generated - ready for authentication
[2025-08-01T18:15:44.613Z] [INFO] QR Code generated - ready for authentication
[2025-08-01T18:16:04.615Z] [INFO] QR Code generated - ready for authentication
[2025-08-01T18:16:24.616Z] [INFO] QR Code generated - ready for authentication
[2025-08-01T18:16:44.622Z] [INFO] QR Code generated - ready for authentication
[2025-08-01T18:17:04.624Z] [INFO] QR Code generated - ready for authentication
[2025-08-01T18:18:18.746Z] [INFO] QR Code generated - ready for authentication
[2025-08-01T18:19:18.750Z] [INFO] QR Code generated - ready for authentication
[2025-08-01T18:19:38.802Z] [INFO] QR Code generated - ready for authentication
[2025-08-01T18:19:58.757Z] [INFO] QR Code generated - ready for authentication
[2025-08-01T18:20:18.814Z] [INFO] QR Code generated - ready for authentication
[2025-08-01T18:20:38.819Z] [INFO] QR Code generated - ready for authentication
[2025-08-01T18:21:55.842Z] [INFO] QR Code generated - ready for authentication
[2025-08-01T18:22:55.864Z] [INFO] QR Code generated - ready for authentication
[2025-08-01T18:23:15.866Z] [INFO] QR Code generated - ready for authentication
[2025-08-01T18:23:35.872Z] [INFO] QR Code generated - ready for authentication
[2025-08-01T18:23:55.877Z] [INFO] QR Code generated - ready for authentication
[2025-08-01T18:24:15.879Z] [INFO] QR Code generated - ready for authentication
[2025-08-01T18:25:31.809Z] [INFO] QR Code generated - ready for authentication
[2025-08-01T18:26:31.816Z] [INFO] QR Code generated - ready for authentication
[2025-08-01T18:26:51.818Z] [INFO] QR Code generated - ready for authentication
[2025-08-01T18:27:11.819Z] [INFO] QR Code generated - ready for authentication
[2025-08-01T18:27:31.821Z] [INFO] QR Code generated - ready for authentication
[2025-08-01T18:27:51.827Z] [INFO] QR Code generated - ready for authentication
[2025-08-01T18:29:06.384Z] [INFO] QR Code generated - ready for authentication
[2025-08-01T18:30:06.388Z] [INFO] QR Code generated - ready for authentication
[2025-08-01T18:30:26.390Z] [INFO] QR Code generated - ready for authentication
[2025-08-01T18:30:46.391Z] [INFO] QR Code generated - ready for authentication
[2025-08-01T18:31:06.392Z] [INFO] QR Code generated - ready for authentication
[2025-08-01T18:31:26.395Z] [INFO] QR Code generated - ready for authentication
[2025-08-01T18:32:38.672Z] [INFO] QR Code generated - ready for authentication
[2025-08-01T18:33:38.676Z] [INFO] QR Code generated - ready for authentication
[2025-08-01T18:33:58.678Z] [INFO] QR Code generated - ready for authentication
[2025-08-01T18:34:18.679Z] [INFO] QR Code generated - ready for authentication
[2025-08-01T18:34:38.680Z] [INFO] QR Code generated - ready for authentication
[2025-08-01T18:34:58.690Z] [INFO] QR Code generated - ready for authentication
[2025-08-01T18:36:11.149Z] [INFO] QR Code generated - ready for authentication
[2025-08-01T18:37:11.155Z] [INFO] QR Code generated - ready for authentication
[2025-08-01T18:37:31.156Z] [INFO] QR Code generated - ready for authentication
[2025-08-01T18:37:51.158Z] [INFO] QR Code generated - ready for authentication
[2025-08-01T18:38:11.163Z] [INFO] QR Code generated - ready for authentication
[2025-08-01T18:38:31.165Z] [INFO] QR Code generated - ready for authentication
[2025-08-01T18:39:43.373Z] [INFO] QR Code generated - ready for authentication
[2025-08-01T18:40:43.380Z] [INFO] QR Code generated - ready for authentication
[2025-08-01T18:41:03.381Z] [INFO] QR Code generated - ready for authentication
[2025-08-01T18:41:23.382Z] [INFO] QR Code generated - ready for authentication
[2025-08-01T18:41:43.384Z] [INFO] QR Code generated - ready for authentication
[2025-08-01T18:42:03.385Z] [INFO] QR Code generated - ready for authentication
[2025-08-01T18:43:16.030Z] [INFO] QR Code generated - ready for authentication
[2025-08-01T18:44:16.034Z] [INFO] QR Code generated - ready for authentication
[2025-08-01T18:44:36.035Z] [INFO] QR Code generated - ready for authentication
[2025-08-01T18:44:56.037Z] [INFO] QR Code generated - ready for authentication
[2025-08-01T18:45:16.038Z] [INFO] QR Code generated - ready for authentication
[2025-08-01T18:45:36.040Z] [INFO] QR Code generated - ready for authentication
[2025-08-01T18:46:48.712Z] [INFO] QR Code generated - ready for authentication
[2025-08-01T18:47:48.716Z] [INFO] QR Code generated - ready for authentication
[2025-08-01T18:48:08.719Z] [INFO] QR Code generated - ready for authentication
[2025-08-01T18:48:28.718Z] [INFO] QR Code generated - ready for authentication
[2025-08-01T18:48:48.720Z] [INFO] QR Code generated - ready for authentication
[2025-08-01T18:49:08.721Z] [INFO] QR Code generated - ready for authentication
[2025-08-01T18:50:45.149Z] [INFO] QR Code generated - ready for authentication
[2025-08-01T18:51:45.193Z] [INFO] QR Code generated - ready for authentication
[2025-08-01T18:52:05.196Z] [INFO] QR Code generated - ready for authentication
[2025-08-01T18:52:25.198Z] [INFO] QR Code generated - ready for authentication
[2025-08-01T18:52:45.201Z] [INFO] QR Code generated - ready for authentication
[2025-08-01T18:53:05.201Z] [INFO] QR Code generated - ready for authentication
[2025-08-01T18:54:25.787Z] [INFO] QR Code generated - ready for authentication
[2025-08-01T18:55:25.811Z] [INFO] QR Code generated - ready for authentication
[2025-08-01T18:55:45.816Z] [INFO] QR Code generated - ready for authentication
[2025-08-01T18:56:05.822Z] [INFO] QR Code generated - ready for authentication
[2025-08-01T18:56:25.827Z] [INFO] QR Code generated - ready for authentication
[2025-08-01T18:56:45.833Z] [INFO] QR Code generated - ready for authentication
[2025-08-01T18:58:00.378Z] [INFO] QR Code generated - ready for authentication
[2025-08-01T18:59:00.394Z] [INFO] QR Code generated - ready for authentication
[2025-08-01T18:59:20.388Z] [INFO] QR Code generated - ready for authentication
[2025-08-01T18:59:40.389Z] [INFO] QR Code generated - ready for authentication
[2025-08-01T19:00:00.392Z] [INFO] QR Code generated - ready for authentication
[2025-08-01T19:00:20.393Z] [INFO] QR Code generated - ready for authentication
[2025-08-01T19:01:35.369Z] [INFO] QR Code generated - ready for authentication
[2025-08-01T19:02:35.492Z] [INFO] QR Code generated - ready for authentication
[2025-08-01T19:02:55.776Z] [INFO] QR Code generated - ready for authentication
[2025-08-01T19:03:15.914Z] [INFO] QR Code generated - ready for authentication
[2025-08-01T19:03:35.918Z] [INFO] QR Code generated - ready for authentication
[2025-08-01T19:03:55.924Z] [INFO] QR Code generated - ready for authentication
[2025-08-01T19:05:15.744Z] [INFO] QR Code generated - ready for authentication
[2025-08-01T19:06:15.760Z] [INFO] QR Code generated - ready for authentication
[2025-08-01T19:06:35.764Z] [INFO] QR Code generated - ready for authentication
[2025-08-01T19:06:55.765Z] [INFO] QR Code generated - ready for authentication
[2025-08-01T19:07:15.768Z] [INFO] QR Code generated - ready for authentication
[2025-08-01T19:07:35.769Z] [INFO] QR Code generated - ready for authentication
[2025-08-01T19:08:49.931Z] [INFO] QR Code generated - ready for authentication
[2025-08-01T19:09:49.914Z] [INFO] QR Code generated - ready for authentication
[2025-08-01T19:10:09.918Z] [INFO] QR Code generated - ready for authentication
[2025-08-01T19:10:29.920Z] [INFO] QR Code generated - ready for authentication
[2025-08-01T19:10:49.925Z] [INFO] QR Code generated - ready for authentication
[2025-08-01T19:11:09.927Z] [INFO] QR Code generated - ready for authentication
[2025-08-01T19:12:27.630Z] [INFO] QR Code generated - ready for authentication
[2025-08-01T19:13:27.637Z] [INFO] QR Code generated - ready for authentication
[2025-08-01T19:13:47.638Z] [INFO] QR Code generated - ready for authentication
[2025-08-01T19:14:07.639Z] [INFO] QR Code generated - ready for authentication
[2025-08-01T19:14:27.645Z] [INFO] QR Code generated - ready for authentication
[2025-08-01T19:14:47.646Z] [INFO] QR Code generated - ready for authentication
[2025-08-01T19:16:02.650Z] [INFO] QR Code generated - ready for authentication
[2025-08-01T19:17:02.661Z] [INFO] QR Code generated - ready for authentication
[2025-08-01T19:17:22.662Z] [INFO] QR Code generated - ready for authentication
[2025-08-01T19:17:42.664Z] [INFO] QR Code generated - ready for authentication
[2025-08-01T19:18:02.665Z] [INFO] QR Code generated - ready for authentication
[2025-08-01T19:18:22.666Z] [INFO] QR Code generated - ready for authentication
[2025-08-01T19:19:37.264Z] [INFO] QR Code generated - ready for authentication
[2025-08-01T19:20:37.270Z] [INFO] QR Code generated - ready for authentication
[2025-08-01T19:20:57.273Z] [INFO] QR Code generated - ready for authentication
[2025-08-01T19:21:17.274Z] [INFO] QR Code generated - ready for authentication
[2025-08-01T19:21:37.275Z] [INFO] QR Code generated - ready for authentication
[2025-08-01T19:21:57.277Z] [INFO] QR Code generated - ready for authentication
[2025-08-01T19:23:11.502Z] [INFO] QR Code generated - ready for authentication
[2025-08-01T19:24:11.509Z] [INFO] QR Code generated - ready for authentication
[2025-08-01T19:24:31.514Z] [INFO] QR Code generated - ready for authentication
[2025-08-01T19:24:51.516Z] [INFO] QR Code generated - ready for authentication
[2025-08-01T19:25:11.518Z] [INFO] QR Code generated - ready for authentication
[2025-08-01T19:25:31.520Z] [INFO] QR Code generated - ready for authentication
[2025-08-01T19:26:47.211Z] [INFO] QR Code generated - ready for authentication
[2025-08-01T19:27:47.193Z] [INFO] QR Code generated - ready for authentication
[2025-08-01T19:28:07.202Z] [INFO] QR Code generated - ready for authentication
[2025-08-01T19:28:27.207Z] [INFO] QR Code generated - ready for authentication
[2025-08-01T19:28:47.209Z] [INFO] QR Code generated - ready for authentication
[2025-08-01T19:29:07.222Z] [INFO] QR Code generated - ready for authentication
[2025-08-01T19:30:22.781Z] [INFO] QR Code generated - ready for authentication
[2025-08-01T19:31:22.775Z] [INFO] QR Code generated - ready for authentication
[2025-08-01T19:31:42.776Z] [INFO] QR Code generated - ready for authentication
[2025-08-01T19:32:02.784Z] [INFO] QR Code generated - ready for authentication
[2025-08-01T19:32:22.784Z] [INFO] QR Code generated - ready for authentication
[2025-08-01T19:32:42.785Z] [INFO] QR Code generated - ready for authentication
[2025-08-01T19:33:57.492Z] [INFO] QR Code generated - ready for authentication
[2025-08-01T19:34:57.494Z] [INFO] QR Code generated - ready for authentication
[2025-08-01T19:35:17.496Z] [INFO] QR Code generated - ready for authentication
[2025-08-01T19:35:37.507Z] [INFO] QR Code generated - ready for authentication
[2025-08-01T19:35:57.502Z] [INFO] QR Code generated - ready for authentication
[2025-08-01T19:36:17.505Z] [INFO] QR Code generated - ready for authentication
[2025-08-01T19:37:32.206Z] [INFO] QR Code generated - ready for authentication
[2025-08-01T19:38:32.212Z] [INFO] QR Code generated - ready for authentication
[2025-08-01T19:38:52.213Z] [INFO] QR Code generated - ready for authentication
[2025-08-01T19:39:12.215Z] [INFO] QR Code generated - ready for authentication
[2025-08-01T19:39:32.218Z] [INFO] QR Code generated - ready for authentication
[2025-08-01T19:39:52.224Z] [INFO] QR Code generated - ready for authentication
[2025-08-01T19:41:06.713Z] [INFO] QR Code generated - ready for authentication
[2025-08-01T19:42:06.719Z] [INFO] QR Code generated - ready for authentication
[2025-08-01T19:42:26.720Z] [INFO] QR Code generated - ready for authentication
[2025-08-01T19:42:46.724Z] [INFO] QR Code generated - ready for authentication
[2025-08-01T19:43:06.724Z] [INFO] QR Code generated - ready for authentication
[2025-08-01T19:43:26.726Z] [INFO] QR Code generated - ready for authentication
[2025-08-01T19:44:39.941Z] [INFO] QR Code generated - ready for authentication
[2025-08-01T19:45:39.964Z] [INFO] QR Code generated - ready for authentication
[2025-08-01T19:45:59.951Z] [INFO] QR Code generated - ready for authentication
[2025-08-01T19:46:19.952Z] [INFO] QR Code generated - ready for authentication
[2025-08-01T19:46:39.953Z] [INFO] QR Code generated - ready for authentication
[2025-08-01T19:46:59.955Z] [INFO] QR Code generated - ready for authentication
[2025-08-01T19:48:12.096Z] [INFO] QR Code generated - ready for authentication
[2025-08-01T19:49:12.102Z] [INFO] QR Code generated - ready for authentication
[2025-08-01T19:49:32.107Z] [INFO] QR Code generated - ready for authentication
[2025-08-01T19:49:52.112Z] [INFO] QR Code generated - ready for authentication
[2025-08-01T19:50:12.117Z] [INFO] QR Code generated - ready for authentication
[2025-08-01T19:50:32.122Z] [INFO] QR Code generated - ready for authentication
[2025-08-01T19:51:44.137Z] [INFO] QR Code generated - ready for authentication
[2025-08-01T19:52:44.141Z] [INFO] QR Code generated - ready for authentication
[2025-08-01T19:53:04.143Z] [INFO] QR Code generated - ready for authentication
[2025-08-01T19:53:24.154Z] [INFO] QR Code generated - ready for authentication
[2025-08-01T19:53:44.146Z] [INFO] QR Code generated - ready for authentication
[2025-08-01T19:54:04.148Z] [INFO] QR Code generated - ready for authentication
[2025-08-01T19:55:16.414Z] [INFO] QR Code generated - ready for authentication
[2025-08-01T19:56:16.415Z] [INFO] QR Code generated - ready for authentication
[2025-08-01T19:56:36.416Z] [INFO] QR Code generated - ready for authentication
[2025-08-01T19:56:56.418Z] [INFO] QR Code generated - ready for authentication
[2025-08-01T19:57:16.420Z] [INFO] QR Code generated - ready for authentication
[2025-08-01T19:57:36.420Z] [INFO] QR Code generated - ready for authentication
[2025-08-01T19:58:48.532Z] [INFO] QR Code generated - ready for authentication
[2025-08-01T19:59:48.536Z] [INFO] QR Code generated - ready for authentication
[2025-08-01T20:00:08.538Z] [INFO] QR Code generated - ready for authentication
[2025-08-01T20:00:28.554Z] [INFO] QR Code generated - ready for authentication
[2025-08-01T20:00:48.545Z] [INFO] QR Code generated - ready for authentication
[2025-08-01T20:01:08.546Z] [INFO] QR Code generated - ready for authentication
[2025-08-01T20:02:20.928Z] [INFO] QR Code generated - ready for authentication
[2025-08-01T20:03:20.931Z] [INFO] QR Code generated - ready for authentication
[2025-08-01T20:03:40.936Z] [INFO] QR Code generated - ready for authentication
[2025-08-01T20:04:00.941Z] [INFO] QR Code generated - ready for authentication
[2025-08-01T20:04:20.943Z] [INFO] QR Code generated - ready for authentication
[2025-08-01T20:04:40.944Z] [INFO] QR Code generated - ready for authentication
[2025-08-01T20:05:53.022Z] [INFO] QR Code generated - ready for authentication
[2025-08-01T20:06:53.026Z] [INFO] QR Code generated - ready for authentication
[2025-08-01T20:07:13.028Z] [INFO] QR Code generated - ready for authentication
[2025-08-01T20:07:33.033Z] [INFO] QR Code generated - ready for authentication
[2025-08-01T20:07:53.035Z] [INFO] QR Code generated - ready for authentication
[2025-08-01T20:08:13.037Z] [INFO] QR Code generated - ready for authentication
[2025-08-01T20:09:25.562Z] [INFO] QR Code generated - ready for authentication
[2025-08-01T20:10:25.563Z] [INFO] QR Code generated - ready for authentication
[2025-08-01T20:10:45.564Z] [INFO] QR Code generated - ready for authentication
[2025-08-01T20:11:05.566Z] [INFO] QR Code generated - ready for authentication
[2025-08-01T20:11:25.567Z] [INFO] QR Code generated - ready for authentication
[2025-08-01T20:11:45.568Z] [INFO] QR Code generated - ready for authentication
[2025-08-01T20:13:07.584Z] [INFO] QR Code generated - ready for authentication
[2025-08-01T20:14:07.652Z] [INFO] QR Code generated - ready for authentication
[2025-08-01T20:14:27.855Z] [INFO] QR Code generated - ready for authentication
[2025-08-01T20:14:47.862Z] [INFO] QR Code generated - ready for authentication
[2025-08-01T20:15:07.863Z] [INFO] QR Code generated - ready for authentication
[2025-08-01T20:15:27.866Z] [INFO] QR Code generated - ready for authentication
[2025-08-01T20:16:44.506Z] [INFO] QR Code generated - ready for authentication
[2025-08-01T20:17:44.499Z] [INFO] QR Code generated - ready for authentication
[2025-08-01T20:18:04.504Z] [INFO] QR Code generated - ready for authentication
[2025-08-01T20:18:24.505Z] [INFO] QR Code generated - ready for authentication
[2025-08-01T20:18:44.510Z] [INFO] QR Code generated - ready for authentication
[2025-08-01T20:19:04.512Z] [INFO] QR Code generated - ready for authentication
[2025-08-01T20:20:17.344Z] [INFO] QR Code generated - ready for authentication
[2025-08-01T20:21:17.350Z] [INFO] QR Code generated - ready for authentication
[2025-08-01T20:21:37.351Z] [INFO] QR Code generated - ready for authentication
[2025-08-01T20:21:57.352Z] [INFO] QR Code generated - ready for authentication
[2025-08-01T20:22:17.353Z] [INFO] QR Code generated - ready for authentication
[2025-08-01T20:22:37.360Z] [INFO] QR Code generated - ready for authentication
[2025-08-01T20:23:49.843Z] [INFO] QR Code generated - ready for authentication
[2025-08-01T20:24:49.847Z] [INFO] QR Code generated - ready for authentication
[2025-08-01T20:25:09.854Z] [INFO] QR Code generated - ready for authentication
[2025-08-01T20:25:29.854Z] [INFO] QR Code generated - ready for authentication
[2025-08-01T20:25:49.855Z] [INFO] QR Code generated - ready for authentication
[2025-08-01T20:26:09.862Z] [INFO] QR Code generated - ready for authentication
[2025-08-01T20:27:21.864Z] [INFO] QR Code generated - ready for authentication
[2025-08-01T20:28:21.871Z] [INFO] QR Code generated - ready for authentication
[2025-08-01T20:28:41.876Z] [INFO] QR Code generated - ready for authentication
[2025-08-01T20:29:01.878Z] [INFO] QR Code generated - ready for authentication
[2025-08-01T20:29:21.880Z] [INFO] QR Code generated - ready for authentication
[2025-08-01T20:29:41.881Z] [INFO] QR Code generated - ready for authentication
[2025-08-01T20:30:53.805Z] [INFO] QR Code generated - ready for authentication
[2025-08-01T20:31:53.808Z] [INFO] QR Code generated - ready for authentication
[2025-08-01T20:32:13.813Z] [INFO] QR Code generated - ready for authentication
[2025-08-01T20:32:33.815Z] [INFO] QR Code generated - ready for authentication
[2025-08-01T20:32:53.816Z] [INFO] QR Code generated - ready for authentication
[2025-08-01T20:33:13.817Z] [INFO] QR Code generated - ready for authentication
[2025-08-01T20:34:26.297Z] [INFO] QR Code generated - ready for authentication
[2025-08-01T20:35:26.304Z] [INFO] QR Code generated - ready for authentication
[2025-08-01T20:35:46.305Z] [INFO] QR Code generated - ready for authentication
[2025-08-01T20:36:06.306Z] [INFO] QR Code generated - ready for authentication
[2025-08-01T20:36:26.308Z] [INFO] QR Code generated - ready for authentication
[2025-08-01T20:36:46.310Z] [INFO] QR Code generated - ready for authentication
[2025-08-01T20:37:42.524Z] [INFO] Received SIGTERM - shutting down...
[2025-08-01T20:38:13.598Z] [WARN] Loaded tokens are expired
[2025-08-01T20:38:13.725Z] [INFO] WhatsApp Backend (Fixed Version) running on http://localhost:3333
[2025-08-01T20:38:13.726Z] [INFO] Features: Fixed sync errors + Better error handling + Token management
[2025-08-01T20:38:13.727Z] [INFO] Connect URL: http://localhost:3333/connect
[2025-08-01T20:38:13.729Z] [INFO] Initializing WhatsApp client with improved error handling...
[2025-08-01T20:40:37.394Z] [INFO] QR Code generated - ready for authentication
[2025-08-01T20:41:34.501Z] [INFO] QR Code generated - ready for authentication
[2025-08-01T20:41:54.509Z] [INFO] QR Code generated - ready for authentication
[2025-08-01T20:42:14.511Z] [INFO] QR Code generated - ready for authentication
[2025-08-01T20:42:34.514Z] [INFO] QR Code generated - ready for authentication
[2025-08-01T20:42:54.516Z] [INFO] QR Code generated - ready for authentication
[2025-08-01T20:44:11.036Z] [INFO] QR Code generated - ready for authentication
[2025-08-01T20:45:11.036Z] [INFO] QR Code generated - ready for authentication
[2025-08-01T20:45:31.038Z] [INFO] QR Code generated - ready for authentication
[2025-08-01T20:45:51.040Z] [INFO] QR Code generated - ready for authentication
[2025-08-01T20:46:11.042Z] [INFO] QR Code generated - ready for authentication
[2025-08-01T20:46:31.044Z] [INFO] QR Code generated - ready for authentication
[2025-08-01T20:47:46.858Z] [INFO] QR Code generated - ready for authentication
[2025-08-01T20:48:46.863Z] [INFO] QR Code generated - ready for authentication
[2025-08-01T20:49:06.864Z] [INFO] QR Code generated - ready for authentication
[2025-08-01T20:49:26.867Z] [INFO] QR Code generated - ready for authentication
[2025-08-01T20:49:46.869Z] [INFO] QR Code generated - ready for authentication
[2025-08-01T20:50:06.870Z] [INFO] QR Code generated - ready for authentication
                                                                               [2025-08-01T20:46:43.216Z] [INFO] WhatsApp Backend (Fixed Version) running on http://localhost:3333
[2025-08-01T20:46:43.229Z] [INFO] Features: Fixed sync errors + Better error handling + Token management
[2025-08-01T20:46:43.229Z] [INFO] Connect URL: http://localhost:3333/connect
[2025-08-01T20:46:43.231Z] [INFO] Initializing WhatsApp client with improved error handling...
[2025-08-01T20:54:45.576Z] [INFO] QR Code generated - ready for authentication
[2025-08-01T20:55:40.299Z] [INFO] QR Code generated - ready for authentication
[2025-08-01T20:56:00.277Z] [INFO] QR Code generated - ready for authentication
[2025-08-01T20:56:20.391Z] [INFO] QR Code generated - ready for authentication
[2025-08-01T20:56:40.396Z] [INFO] QR Code generated - ready for authentication
[2025-08-01T20:57:00.400Z] [INFO] QR Code generated - ready for authentication
[2025-08-01T20:58:21.110Z] [INFO] QR Code generated - ready for authentication
[2025-08-01T20:59:21.073Z] [INFO] QR Code generated - ready for authentication
[2025-08-01T20:59:41.075Z] [INFO] QR Code generated - ready for authentication
[2025-08-01T21:00:01.115Z] [INFO] QR Code generated - ready for authentication
[2025-08-01T21:00:21.116Z] [INFO] QR Code generated - ready for authentication
[2025-08-01T21:00:41.132Z] [INFO] QR Code generated - ready for authentication
[2025-08-01T21:01:57.947Z] [INFO] QR Code generated - ready for authentication
[2025-08-01T21:02:57.941Z] [INFO] QR Code generated - ready for authentication
[2025-08-01T21:03:17.943Z] [INFO] QR Code generated - ready for authentication
[2025-08-01T21:03:37.945Z] [INFO] QR Code generated - ready for authentication
[2025-08-01T21:03:57.948Z] [INFO] QR Code generated - ready for authentication
[2025-08-01T21:04:17.956Z] [INFO] QR Code generated - ready for authentication
[2025-08-01T21:04:50.237Z] [INFO] Received SIGTERM - shutting down...
[2025-08-01T21:05:20.601Z] [INFO] WhatsApp Backend (Fixed Version) running on http://localhost:3333
[2025-08-01T21:05:20.617Z] [INFO] Features: Fixed sync errors + Better error handling + Token management
[2025-08-01T21:05:20.618Z] [INFO] Connect URL: http://localhost:3333/connect
[2025-08-01T21:05:20.621Z] [INFO] Initializing WhatsApp client with improved error handling...
[2025-08-02T20:39:25.949Z] [INFO] QR Code generated - ready for authentication
[2025-08-02T20:40:23.124Z] [INFO] QR Code generated - ready for authentication
[2025-08-02T20:40:43.135Z] [INFO] QR Code generated - ready for authentication
[2025-08-02T20:41:03.155Z] [INFO] QR Code generated - ready for authentication
[2025-08-02T20:41:23.216Z] [INFO] QR Code generated - ready for authentication
[2025-08-02T20:41:43.228Z] [INFO] QR Code generated - ready for authentication
[2025-08-02T20:43:01.340Z] [INFO] QR Code generated - ready for authentication
[2025-08-02T20:44:01.402Z] [INFO] QR Code generated - ready for authentication
[2025-08-02T20:44:21.403Z] [INFO] QR Code generated - ready for authentication
[2025-08-02T20:44:41.405Z] [INFO] QR Code generated - ready for authentication
[2025-08-02T20:45:01.409Z] [INFO] QR Code generated - ready for authentication
[2025-08-02T20:45:21.411Z] [INFO] QR Code generated - ready for authentication
[2025-08-02T20:46:40.485Z] [INFO] QR Code generated - ready for authentication
[2025-08-02T20:47:40.656Z] [INFO] QR Code generated - ready for authentication
[2025-08-02T20:48:00.777Z] [INFO] QR Code generated - ready for authentication
[2025-08-02T20:48:20.783Z] [INFO] QR Code generated - ready for authentication
[2025-08-02T20:48:40.785Z] [INFO] QR Code generated - ready for authentication
[2025-08-02T20:49:00.786Z] [INFO] QR Code generated - ready for authentication
[2025-08-02T20:50:21.748Z] [INFO] QR Code generated - ready for authentication
[2025-08-02T20:51:21.753Z] [INFO] QR Code generated - ready for authentication
[2025-08-02T20:51:41.754Z] [INFO] QR Code generated - ready for authentication
[2025-08-02T20:52:01.755Z] [INFO] QR Code generated - ready for authentication
[2025-08-02T20:52:19.397Z] [INFO] Received SIGTERM - shutting down...
[2025-08-02T20:53:09.834Z] [INFO] WhatsApp Backend (Fixed Version) running on http://localhost:3333
[2025-08-02T20:53:09.848Z] [INFO] Features: Fixed sync errors + Better error handling + Token management
[2025-08-02T20:53:09.849Z] [INFO] Connect URL: http://localhost:3333/connect
[2025-08-02T20:53:09.851Z] [INFO] Initializing WhatsApp client with improved error handling...
[2025-08-02T20:55:45.348Z] [INFO] QR Code generated - ready for authentication
[2025-08-02T20:56:40.577Z] [INFO] QR Code generated - ready for authentication
[2025-08-02T20:57:00.587Z] [INFO] QR Code generated - ready for authentication
[2025-08-02T20:57:20.590Z] [INFO] QR Code generated - ready for authentication
[2025-08-02T20:57:40.592Z] [INFO] QR Code generated - ready for authentication
[2025-08-02T20:58:00.594Z] [INFO] QR Code generated - ready for authentication
[2025-08-02T20:59:18.926Z] [INFO] QR Code generated - ready for authentication
[2025-08-02T21:00:19.115Z] [INFO] QR Code generated - ready for authentication
[2025-08-02T21:00:39.407Z] [INFO] QR Code generated - ready for authentication
[2025-08-02T21:00:59.427Z] [INFO] QR Code generated - ready for authentication
[2025-08-02T21:01:19.429Z] [INFO] QR Code generated - ready for authentication
[2025-08-02T21:01:39.435Z] [INFO] QR Code generated - ready for authentication
[2025-08-02T21:02:59.966Z] [INFO] QR Code generated - ready for authentication
[2025-08-02T21:04:00.017Z] [INFO] QR Code generated - ready for authentication
[2025-08-02T21:04:20.022Z] [INFO] QR Code generated - ready for authentication
[2025-08-02T21:04:40.027Z] [INFO] QR Code generated - ready for authentication
[2025-08-02T21:05:00.036Z] [INFO] QR Code generated - ready for authentication
[2025-08-02T21:05:20.038Z] [INFO] QR Code generated - ready for authentication
[2025-08-02T21:06:41.049Z] [INFO] QR Code generated - ready for authentication
[2025-08-02T21:07:41.106Z] [INFO] QR Code generated - ready for authentication
[2025-08-02T21:08:01.121Z] [INFO] QR Code generated - ready for authentication
[2025-08-02T21:08:21.646Z] [INFO] QR Code generated - ready for authentication
[2025-08-02T21:08:41.759Z] [INFO] QR Code generated - ready for authentication
[2025-08-02T21:09:01.782Z] [INFO] QR Code generated - ready for authentication
[2025-08-02T21:10:19.013Z] [INFO] QR Code generated - ready for authentication
[2025-08-02T21:11:19.024Z] [INFO] QR Code generated - ready for authentication
[2025-08-02T21:11:39.029Z] [INFO] QR Code generated - ready for authentication
[2025-08-02T21:11:59.031Z] [INFO] QR Code generated - ready for authentication
[2025-08-02T21:12:19.035Z] [INFO] QR Code generated - ready for authentication
[2025-08-02T21:12:39.038Z] [INFO] QR Code generated - ready for authentication
[2025-08-02T21:14:03.175Z] [INFO] QR Code generated - ready for authentication
[2025-08-02T21:15:03.369Z] [INFO] QR Code generated - ready for authentication
[2025-08-02T21:15:23.412Z] [INFO] QR Code generated - ready for authentication
[2025-08-02T21:15:43.436Z] [INFO] QR Code generated - ready for authentication
[2025-08-02T21:16:03.516Z] [INFO] QR Code generated - ready for authentication
[2025-08-02T21:16:23.442Z] [INFO] QR Code generated - ready for authentication
[2025-08-02T21:17:38.871Z] [INFO] QR Code generated - ready for authentication
[2025-08-02T21:18:39.024Z] [INFO] QR Code generated - ready for authentication
[2025-08-02T21:18:59.030Z] [INFO] QR Code generated - ready for authentication
[2025-08-02T21:19:19.035Z] [INFO] QR Code generated - ready for authentication
[2025-08-02T21:19:39.033Z] [INFO] QR Code generated - ready for authentication
[2025-08-02T21:19:59.043Z] [INFO] QR Code generated - ready for authentication
[2025-08-02T21:21:18.173Z] [INFO] QR Code generated - ready for authentication
