node:internal/modules/cjs/loader:1404
  throw err;
  ^

Error: Cannot find module 'winston'
Require stack:
- /home/pi/whatsapp/whatsapp_backend/server.js
    at Module._resolveFilename (node:internal/modules/cjs/loader:1401:15)
    at defaultResolveImpl (node:internal/modules/cjs/loader:1057:19)
    at resolveForCJSWithHooks (node:internal/modules/cjs/loader:1062:22)
    at Module._load (node:internal/modules/cjs/loader:1211:37)
    at TracingChannel.traceSync (node:diagnostics_channel:322:14)
    at wrapModuleLoad (node:internal/modules/cjs/loader:235:24)
    at Module.require (node:internal/modules/cjs/loader:1487:12)
    at require (node:internal/modules/helpers:135:16)
    at Object.<anonymous> (/home/pi/whatsapp/whatsapp_backend/server.js:18:17)
    at Module._compile (node:internal/modules/cjs/loader:1730:14)
    at Module._extensions..js (node:internal/modules/cjs/loader:1895:10)
    at Module.load (node:internal/modules/cjs/loader:1465:32)
    at Module._load (node:internal/modules/cjs/loader:1282:12)
    at TracingChannel.traceSync (node:diagnostics_channel:322:14)
    at wrapModuleLoad (node:internal/modules/cjs/loader:235:24)
    at Function.executeUserEntryPoint [as runMain] (node:internal/modules/run_main:170:5) {
  code: 'MODULE_NOT_FOUND',
  requireStack: [ '/home/pi/whatsapp/whatsapp_backend/server.js' ]
}

Node.js v22.15.0
